\BOOKMARK [1][-]{section.1}{Introduction}{}% 1
\BOOKMARK [1][-]{section.2}{Installation}{}% 2
\BOOKMARK [2][-]{subsection.2.1}{Setup of TEnvOpt}{section.2}% 3
\BOOKMARK [2][-]{subsection.2.2}{System Requirements}{section.2}% 4
\BOOKMARK [2][-]{subsection.2.3}{Trouble shooting}{section.2}% 5
\BOOKMARK [1][-]{section.3}{Using TEnvOpt}{}% 6
\BOOKMARK [2][-]{subsection.3.1}{Use for testing}{section.3}% 7
\BOOKMARK [2][-]{subsection.3.2}{Test Statistics}{section.3}% 8
\BOOKMARK [2][-]{subsection.3.3}{RES folder}{section.3}% 9
\BOOKMARK [2][-]{subsection.3.4}{HIT folder}{section.3}% 10
\BOOKMARK [1][-]{section.4}{Solvers}{}% 11
\BOOKMARK [2][-]{subsection.4.1}{Current state}{section.4}% 12
\BOOKMARK [2][-]{subsection.4.2}{Further untested solvers}{section.4}% 13
\BOOKMARK [2][-]{subsection.4.3}{Adding a new solver}{section.4}% 14
\BOOKMARK [1][-]{section.5}{Problem collections}{}% 15
\BOOKMARK [2][-]{subsection.5.1}{Current state}{section.5}% 16
\BOOKMARK [2][-]{subsection.5.2}{The universal data structure}{section.5}% 17
\BOOKMARK [2][-]{subsection.5.3}{TEprob folder}{section.5}% 18
\BOOKMARK [2][-]{subsection.5.4}{Adding a new problem collection}{section.5}% 19
\BOOKMARK [1][-]{Item.18}{References}{}% 20
